  ADAExamnCheatPaper.cpp
<<<<<<< HEAD
C:\Users\adama\Documents\GitHub\SkoleStuff\ADS101\ADAExamnCheatPaper\ADAExamnCheatPaper\ADAExamnCheatPaper.cpp(122,14): warning C4244: 'initializing': conversion from '_Rep' to 'int', possible loss of data
=======
C:\Users\adama\OneDrive\Dokumenter\GitHub\SkoleStuff\ADS101\ADAExamnCheatPaper\ADAExamnCheatPaper\ADAExamnCheatPaper.cpp(105,14): warning C4244: 'initializing': conversion from '_Rep' to 'int', possible loss of data
>>>>>>> a40aec551ab31a016b196c0b2db70ee80ec145d0
          with
          [
              _Rep=__int64
          ]
<<<<<<< HEAD
C:\Users\adama\Documents\GitHub\SkoleStuff\ADS101\ADAExamnCheatPaper\ADAExamnCheatPaper\ADAExamnCheatPaper.cpp(219,21): warning C4101: 'hashtabell': unreferenced local variable
  QuadTree.cpp
C:\Users\adama\Documents\GitHub\SkoleStuff\ADS101\ADAExamnCheatPaper\ADAExamnCheatPaper\QuadTree.cpp(254,2): warning C4267: 'initializing': conversion from 'size_t' to 'int', possible loss of data
  Generating Code...
  ADAExamnCheatPaper.vcxproj -> C:\Users\adama\Documents\GitHub\SkoleStuff\ADS101\ADAExamnCheatPaper\x64\Debug\ADAExamnCheatPaper.exe
=======
C:\Users\adama\OneDrive\Dokumenter\GitHub\SkoleStuff\ADS101\ADAExamnCheatPaper\ADAExamnCheatPaper\ADAExamnCheatPaper.cpp(234,21): warning C4101: 'hashtabell': unreferenced local variable
  HuffmanTree.cpp
C:\Users\adama\OneDrive\Dokumenter\GitHub\SkoleStuff\ADS101\ADAExamnCheatPaper\ADAExamnCheatPaper\HuffmanTree.cpp(43,13): warning C4018: '<': signed/unsigned mismatch
C:\Users\adama\OneDrive\Dokumenter\GitHub\SkoleStuff\ADS101\ADAExamnCheatPaper\ADAExamnCheatPaper\HuffmanTree.cpp(46,15): warning C4018: '<': signed/unsigned mismatch
  Generating Code...
  ADAExamnCheatPaper.vcxproj -> C:\Users\adama\OneDrive\Dokumenter\GitHub\SkoleStuff\ADS101\ADAExamnCheatPaper\x64\Debug\ADAExamnCheatPaper.exe
>>>>>>> a40aec551ab31a016b196c0b2db70ee80ec145d0
