  Oblig3.cpp
C:\Users\adama\OneDrive\Dokumenter\GitHub\SkoleStuff\ADS101\Oblig3\Oblig3\Oblig3\Oblig3.cpp(123,21): warning C4101: 'hashTabell': unreferenced local variable
C:\Users\adama\OneDrive\Dokumenter\GitHub\SkoleStuff\ADS101\Oblig3\Oblig3\Oblig3\Oblig3.cpp(186,14): warning C4244: 'initializing': conversion from '_Rep' to 'int', possible loss of data
          with
          [
              _Rep=__int64
          ]
C:\Users\adama\OneDrive\Dokumenter\GitHub\SkoleStuff\ADS101\Oblig3\Oblig3\Oblig3\Oblig3.cpp(94): message : see reference to function template instantiation 'void InsertionSort<int,10>(T (&)[10])' being compiled
          with
          [
              T=int
          ]
C:\Users\adama\OneDrive\Dokumenter\GitHub\SkoleStuff\ADS101\Oblig3\Oblig3\Oblig3\Oblig3.cpp(238,14): warning C4244: 'initializing': conversion from '_Rep' to 'int', possible loss of data
          with
          [
              _Rep=__int64
          ]
C:\Users\adama\OneDrive\Dokumenter\GitHub\SkoleStuff\ADS101\Oblig3\Oblig3\Oblig3\Oblig3.cpp(98): message : see reference to function template instantiation 'void MergeSort<int,10>(T (&)[10])' being compiled
          with
          [
              T=int
          ]
  Oblig3.vcxproj -> C:\Users\adama\OneDrive\Dokumenter\GitHub\SkoleStuff\ADS101\Oblig3\Oblig3\x64\Debug\Oblig3.exe
